<?xml version="1.0" encoding="UTF-8"?>
<testng-results ignored="0" total="1" passed="1" failed="0" skipped="0">
  <reporter-output>
    <line>
      <![CDATA[Able to search product by name (i.e. Earrings) ]]>
    </line>
    <line>
      <![CDATA[Able to filter the product by choice (i.e.rose gold) .]]>
    </line>
    <line>
      <![CDATA[Able to sort product by price low to high .]]>
    </line>
    <line>
      <![CDATA[Able to select required product.]]>
    </line>
    <line>
      <![CDATA[Able to update the size of product]]>
    </line>
    <line>
      <![CDATA[Able to update the qty of product]]>
    </line>
    <line>
      <![CDATA[Product Suceesfully removed from cart.]]>
    </line>
  </reporter-output>
  <suite started-at="2023-11-28T15:53:55 IST" name="Default suite" finished-at="2023-11-28T15:54:17 IST" duration-ms="22087">
    <groups>
    </groups>
    <test started-at="2023-11-28T15:53:55 IST" name="Default test" finished-at="2023-11-28T15:54:17 IST" duration-ms="22087">
      <class name="testPackage.TestRunner">
        <test-method is-config="true" signature="setUp()[pri:0, instance:testPackage.TestRunner@6580cfdd]" started-at="2023-11-28T15:53:55 IST" name="setUp" finished-at="2023-11-28T15:54:00 IST" duration-ms="5214" status="PASS">
          <reporter-output>
          </reporter-output>
        </test-method> <!-- setUp -->
        <test-method signature="endtoendSearchForProduct()[pri:0, instance:testPackage.TestRunner@6580cfdd]" started-at="2023-11-28T15:54:00 IST" name="endtoendSearchForProduct" finished-at="2023-11-28T15:54:17 IST" duration-ms="16447" status="PASS">
          <reporter-output>
            <line>
              <![CDATA[Able to search product by name (i.e. Earrings) ]]>
            </line>
            <line>
              <![CDATA[Able to filter the product by choice (i.e.rose gold) .]]>
            </line>
            <line>
              <![CDATA[Able to sort product by price low to high .]]>
            </line>
            <line>
              <![CDATA[Able to select required product.]]>
            </line>
            <line>
              <![CDATA[Able to update the size of product]]>
            </line>
            <line>
              <![CDATA[Able to update the qty of product]]>
            </line>
            <line>
              <![CDATA[Product Suceesfully removed from cart.]]>
            </line>
          </reporter-output>
        </test-method> <!-- endtoendSearchForProduct -->
        <test-method is-config="true" signature="tearDown()[pri:0, instance:testPackage.TestRunner@6580cfdd]" started-at="2023-11-28T15:54:17 IST" name="tearDown" finished-at="2023-11-28T15:54:17 IST" duration-ms="349" status="PASS">
          <reporter-output>
          </reporter-output>
        </test-method> <!-- tearDown -->
      </class> <!-- testPackage.TestRunner -->
    </test> <!-- Default test -->
  </suite> <!-- Default suite -->
</testng-results>
